65536: 2 2 2 2 2 2 2 2 2 2 2 2 2 2 2 2 1 
65554: 2 73 449 
65539: 65539 
65540: 2 2 5 29 113 
65541: 3 7 3121 
65560: 2 2 2 5 11 149 
65561: 53 1237 
65562: 2 3 7 7 223 
65563: 65563 
65564: 2 2 37 443 
65565: 3 3 5 31 47 
65566: 2 32783 
65567: 173 379 
65568: 2 2 2 2 2 3 683 
65569: 7 17 19 29 
65570: 2 5 79 83 
65571: 3 11 1987 
65537: 65537 
65557: 65557 
65558: 2 32779 
65559: 3 13 41 41 
65576: 2 2 2 7 1171 
65577: 3 21859 
65578: 2 32789 
65579: 65579 
65580: 2 2 3 5 1093 
65581: 65581 
65582: 2 11 11 271 
65583: 3 3 3 7 347 
65584: 2 2 2 2 4099 
65585: 5 13 1009 
65586: 2 3 17 643 
65587: 65587 
65590: 2 5 7 937 
65589: 3 21863 
65572: 2 2 13 13 97 
65575: 5 5 43 61 
65576: 2 2 2 7 1171 
65577: 3 21859 
65593: 11 67 89 
65579: 65579 
65595: 3 5 4373 
65596: 2 2 23 23 31 
65582: 2 11 11 271 
65598: 2 3 13 29 29 
65584: 2 2 2 2 4099 
65600: 2 2 2 2 2 2 5 5 41 
65601: 3 3 37 197 
65587: 65587 
65603: 17 17 227 
65604: 2 2 3 7 11 71 
65590: 2 5 7 937 
65605: 5 13121 
65572: 2 2 13 13 97 
65609: 65609 
65593: 11 67 89 
65594: 2 32797 
65612: 2 2 47 349 
65613: 3 21871 
65614: 2 53 619 
65615: 5 11 1193 
65616: 2 2 2 2 3 1367 
65617: 65617 
65618: 2 7 43 109 
65619: 3 3 23 317 
65620: 2 2 5 17 193 
65621: 211 311 
65622: 2 3 10937 
65623: 137 479 
65624: 2 2 2 13 631 
65609: 65609 
65610: 2 3 3 3 3 3 3 3 3 5 
65611: 7 7 13 103 
65612: 2 2 47 349 
65613: 3 21871 
65614: 2 53 619 
65615: 5 11 1193 
65616: 2 2 2 2 3 1367 
65617: 65617 
65618: 2 7 43 109 
65619: 3 3 23 317 
65620: 2 2 5 17 193 
65621: 211 311 
65622: 2 3 10937 
65623: 137 479 
65624: 2 2 2 13 631 
65640: 2 2 2 3 5 547 
65625: 3 5 5 5 5 5 7 
65626: 2 11 19 157 
65627: 29 31 73 
65628: 2 2 3 3 1823 
65629: 65629 
65630: 2 5 6563 
65631: 3 131 167 
65632: 2 2 2 2 2 7 293 
65633: 65633 
65634: 2 3 10939 
65635: 5 13127 
65636: 2 2 61 269 
65637: 3 3 3 11 13 17 
65638: 2 37 887 
65639: 7 9377 
65640: 2 2 2 3 5 547 
65657: 65657 
65642: 2 23 1427 
65643: 3 21881 
65644: 2 2 16411 
65662: 2 32831 
65663: 13 5051 
65647: 65647 
65648: 2 2 2 2 11 373 
65649: 3 79 277 
65667: 3 7 53 59 
65668: 2 2 16417 
65652: 2 2 3 5471 
65653: 7 83 113 
65654: 2 17 1931 
65672: 2 2 2 8209 
65673: 3 3 7297 
65657: 65657 
65659: 11 47 127 
65660: 2 2 5 7 7 67 
65677: 65677 
65678: 2 32839 
65663: 13 5051 
65664: 2 2 2 2 2 2 2 3 3 3 19 
65665: 5 23 571 
65682: 2 3 3 41 89 
65683: 19 3457 
65668: 2 2 16417 
65669: 97 677 
65670: 2 3 5 11 199 
65687: 65687 
65688: 2 2 2 3 7 17 23 
65673: 3 3 7297 
65674: 2 7 4691 
65675: 5 5 37 71 
65692: 2 2 11 1493 
65693: 179 367 
65678: 2 32839 
65679: 3 21893 
65680: 2 2 2 2 5 821 
65697: 3 61 359 
65698: 2 107 307 
65683: 19 3457 
65684: 2 2 16421 
65685: 3 5 29 151 
65702: 2 7 13 19 19 
65703: 3 11 11 181 
65688: 2 2 2 3 7 17 23 
65689: 13 31 163 
65690: 2 5 6569 
65707: 65707 
65708: 2 2 16427 
65693: 179 367 
65694: 2 3 10949 
65695: 5 7 1877 
65712: 2 2 2 2 3 37 37 
65713: 65713 
65698: 2 107 307 
65699: 65699 
65700: 2 2 3 3 5 5 73 
65717: 65717 
65718: 2 3 3 3 1217 
65703: 3 11 11 181 
65704: 2 2 2 43 191 
65705: 5 17 773 
65722: 2 17 1933 
65723: 7 41 229 
65708: 2 2 16427 
65709: 3 3 7 7 149 
65710: 2 5 6571 
65727: 3 3 67 109 
65728: 2 2 2 2 2 2 13 79 
65622: 2 3 10937 
65674: 2 7 4691 
65555: 5 7 1873 
65729: 65729 
65746: 2 71 463 
65747: 11 43 139 
65719: 65719 
65736: 2 2 2 3 3 11 83 
65750: 2 5 5 5 263 
65751: 3 7 31 101 
65737: 7 9391 
65724: 2 2 3 5477 
65757: 3 23 953 
65755: 5 13151 
65740: 2 2 5 19 173 
65758: 2 7 7 11 61 
65622: 2 3 10937 
65762: 2 131 251 
65744: 2 2 2 2 7 587 
65761: 65761 
65763: 3 3 7307 
65747: 11 43 139 
65751: 3 7 31 101 
65765: 5 7 1879 
65766: 2 3 97 113 
65752: 2 2 2 8219 
65737: 7 9391 
65772: 2 2 3 3 3 3 7 29 
65770: 2 5 6577 
65755: 5 13151 
65773: 17 53 73 
65758: 2 7 7 11 61 
65761: 65761 
65776: 2 2 2 2 4111 
65762: 2 131 251 
65748: 2 2 3 5479 
65779: 7 9397 
65764: 2 2 41 401 
65781: 3 3 7309 
65782: 2 31 1061 
65767: 13 5059 
65784: 2 2 2 3 2741 
65785: 5 59 223 
65770: 2 5 6577 
65787: 3 21929 
65788: 2 2 16447 
65773: 17 53 73 
65790: 2 3 3 5 17 43 
65791: 11 5981 
65776: 2 2 2 2 4111 
65793: 3 7 13 241 
65779: 7 9397 
65796: 2 2 3 5483 
65781: 3 3 7309 
65782: 2 31 1061 
65783: 157 419 
65784: 2 2 2 3 2741 
65785: 5 59 223 
65786: 2 7 37 127 
65787: 3 21929 
65788: 2 2 16447 
65789: 65789 
65790: 2 3 3 5 17 43 
65791: 11 5981 
65792: 2 2 2 2 2 2 2 2 257 
65793: 3 7 13 241 
65794: 2 67 491 
65795: 5 13159 
65796: 2 2 3 5483 
65797: 19 3463 
65798: 2 167 197 
65799: 3 3 3 2437 
65800: 2 2 2 5 5 7 47 
65801: 29 2269 
65802: 2 3 11 997 
65803: 23 2861 
65805: 3 5 41 107 
65806: 2 13 2531 
65807: 7 7 17 79 
65808: 2 2 2 2 3 3 457 
65809: 65809 
65810: 2 5 6581 
65811: 3 21937 
65812: 2 2 16453 
65813: 11 31 193 
65814: 2 3 7 1567 
65815: 5 13163 
65816: 2 2 2 19 433 
65817: 3 3 71 103 
65818: 2 32909 
65819: 13 61 83 
65820: 2 2 3 5 1097 
65821: 7 9403 
65822: 2 32911 
65823: 3 37 593 
65824: 2 2 2 2 2 11 11 17 
65825: 5 5 2633 
65826: 2 3 3 3 23 53 
65827: 65827 
65828: 2 2 7 2351 
65829: 3 21943 
65830: 2 5 29 227 
65831: 65831 
65832: 2 2 2 3 13 211 
65833: 43 1531 
65834: 2 32917 
65835: 3 3 5 7 11 19 
65836: 2 2 109 151 
65837: 65837 
65838: 2 3 10973 
65839: 65839 
65840: 2 2 2 2 5 823 
65841: 3 17 1291 
65842: 2 7 4703 
65843: 65843 
65844: 2 2 3 3 31 59 
65845: 5 13 1013 
65846: 2 11 41 73 
65847: 3 47 467 
65848: 2 2 2 8231 
65849: 7 23 409 
65850: 2 3 5 5 439 
65851: 65851 
65852: 2 2 101 163 
65853: 3 3 3 3 3 271 
65854: 2 19 1733 
65855: 5 13171 
65856: 2 2 2 2 2 2 3 7 7 7 
65857: 11 5987 
65858: 2 13 17 149 
65859: 3 29 757 
65860: 2 2 5 37 89 
65861: 67 983 
65862: 2 3 3 3659 
65863: 7 97 97 
65864: 2 2 2 8233 
65865: 3 5 4391 
65866: 2 32933 
65867: 65867 
65868: 2 2 3 11 499 
65869: 199 331 
65870: 2 5 7 941 
65871: 3 3 13 563 
65872: 2 2 2 2 23 179 
65873: 19 3467 
65874: 2 3 10979 
65875: 5 5 5 17 31 
65876: 2 2 43 383 
65877: 3 7 3137 
65878: 2 32939 
65879: 11 53 113 
65880: 2 2 2 3 3 3 5 61 
65881: 65881 
65882: 2 32941 
65883: 3 21961 
65884: 2 2 7 13 181 
65885: 5 13177 
65886: 2 3 79 139 
65887: 41 1607 
65888: 2 2 2 2 2 29 71 
65889: 3 3 7321 
65890: 2 5 11 599 
65891: 7 9413 
65892: 2 2 3 17 17 19 
65893: 131 503 
65894: 2 47 701 
65895: 3 5 23 191 
65896: 2 2 2 8237 
65897: 13 37 137 
65898: 2 3 3 7 523 
65899: 65899 
65900: 2 2 5 5 659 
65901: 3 11 1997 
65902: 2 83 397 
65903: 59 1117 
65904: 2 2 2 2 3 1373 
65905: 5 7 7 269 
65906: 2 31 1063 
65907: 3 3 3 2441 
65908: 2 2 16477 
65909: 17 3877 
65910: 2 3 5 13 13 13 
65911: 19 3469 
65912: 2 2 2 7 11 107 
65913: 3 127 173 
65914: 2 32957 
65915: 5 13183 
65916: 2 2 3 3 1831 
65917: 29 2273 
65918: 2 23 1433 
65919: 3 7 43 73 
65920: 2 2 2 2 2 2 2 5 103 
65921: 65921 
65922: 2 3 10987 
65923: 11 13 461 
65924: 2 2 16481 
65925: 3 3 5 5 293 
65926: 2 7 17 277 
65927: 65927 
65928: 2 2 2 3 41 67 
65929: 65929 
65930: 2 5 19 347 
65931: 3 21977 
65932: 2 2 53 311 
65933: 7 9419 
65934: 2 3 3 3 3 11 37 
65935: 5 13187 
65936: 2 2 2 2 13 317 
65937: 3 31 709 
65938: 2 32969 
65939: 233 283 
65940: 2 2 3 5 7 157 
65941: 23 47 61 
65942: 2 32971 
65927: 65927 
65944: 2 2 2 8243 
65929: 65929 
65946: 2 3 29 379 
65947: 7 9421 
65932: 2 2 53 311 
65933: 7 9419 
65949: 3 13 19 89 
65935: 5 13187 
65952: 2 2 2 2 2 3 3 229 
65937: 3 31 709 
65954: 2 7 7 673 
65955: 3 5 4397 
65956: 2 2 11 1499 
65957: 65957 
65958: 2 3 10993 
65959: 71 929 
65960: 2 2 2 5 17 97 
65961: 3 3 3 7 349 
65962: 2 13 43 59 
65963: 65963 
65964: 2 2 3 23 239 
65965: 5 79 167 
65966: 2 32983 
65967: 3 11 1999 
65968: 2 2 2 2 7 19 31 
65969: 41 1609 
65970: 2 3 3 5 733 
65971: 37 1783 
65972: 2 2 16493 
65973: 3 21991 
65974: 2 32987 
65975: 5 5 7 13 29 
65976: 2 2 2 3 2749 
65977: 17 3881 
65978: 2 11 2999 
65979: 3 3 7331 
65980: 2 2 5 3299 
65981: 65981 
65982: 2 3 7 1571 
65983: 65983 
65984: 2 2 2 2 2 2 1031 
65985: 3 5 53 83 
65986: 2 32993 
65987: 19 23 151 
65988: 2 2 3 3 3 13 47 
65989: 7 11 857 
65990: 2 5 6599 
65991: 3 21997 
65992: 2 2 2 73 113 
65993: 65993 
65994: 2 3 17 647 
65995: 5 67 197 
65996: 2 2 7 2357 
65997: 3 3 7333 
65998: 2 32999 
65999: 31 2129 
66000: 2 2 2 2 3 5 5 5 11 
66001: 13 5077 
66002: 2 61 541 
66003: 3 7 7 449 
65988: 2 2 3 3 3 13 47 
65989: 7 11 857 
66006: 2 3 3 19 193 
66007: 149 443 
66008: 2 2 2 37 223 
66009: 3 22003 
66010: 2 5 7 23 41 
66011: 11 17 353 
66012: 2 2 3 5501 
66013: 251 263 
66014: 2 13 2539 
66015: 3 3 3 3 5 163 
66016: 2 2 2 2 2 2063 
66017: 7 9431 
66018: 2 3 11003 
66019: 107 617 
66020: 2 2 5 3301 
66021: 3 59 373 
66022: 2 11 3001 
66023: 103 641 
66024: 2 2 2 3 3 7 131 
66025: 5 5 19 139 
66026: 2 33013 
66027: 3 13 1693 
66028: 2 2 17 971 
66029: 66029 
66030: 2 3 5 31 71 
66031: 7 9433 
66032: 2 2 2 2 4127 
66033: 3 3 11 23 29 
66034: 2 137 241 
66035: 5 47 281 
66036: 2 2 3 5503 
66037: 66037 
66038: 2 7 53 89 
66039: 3 22013 
66040: 2 2 2 5 13 127 
66041: 66041 
66042: 2 3 3 3 1223 
66043: 211 313 
66044: 2 2 11 19 79 
66045: 3 5 7 17 37 
66046: 2 33023 
66047: 66047 
66048: 2 2 2 2 2 2 2 2 2 3 43 
66049: 257 257 
66050: 2 5 5 1321 
66051: 3 3 41 179 
66052: 2 2 7 7 337 
66053: 13 5081 
66054: 2 3 101 109 
66055: 5 11 1201 
66056: 2 2 2 23 359 
66057: 3 97 227 
66058: 2 33029 
66059: 7 9437 
66060: 2 2 3 3 5 367 
66061: 31 2131 
66062: 2 17 29 67 
66063: 3 19 19 61 
66064: 2 2 2 2 4129 
66065: 5 73 181 
66066: 2 3 7 11 11 13 
66067: 66067 
66068: 2 2 83 199 
66069: 3 3 3 2447 
66070: 2 5 6607 
66071: 66071 
66072: 2 2 2 3 2753 
66073: 7 9439 
66074: 2 33037 
66075: 3 5 5 881 
66076: 2 2 16519 
66077: 11 6007 
66078: 2 3 3 3671 
66079: 13 13 17 23 
66080: 2 2 2 2 2 5 7 59 
66081: 3 22027 
66082: 2 19 37 47 
66083: 66083 
66084: 2 2 3 5507 
66085: 5 13217 
66086: 2 173 191 
66087: 3 3 7 1049 
66088: 2 2 2 11 751 
66089: 66089 
66090: 2 3 5 2203 
66091: 29 43 53 
66092: 2 2 13 31 41 
66093: 3 22031 
66094: 2 7 4721 
66095: 5 13219 
66096: 2 2 2 2 3 3 3 3 3 17 
66097: 157 421 
66098: 2 33049 
66099: 3 11 2003 
66100: 2 2 5 5 661 
66101: 7 7 19 71 
65950: 2 5 5 1319 
66102: 2 3 23 479 
66088: 2 2 2 11 751 
66089: 66089 
66105: 3 3 5 13 113 
66091: 29 43 53 
66092: 2 2 13 31 41 
66093: 3 22031 
66110: 2 5 11 601 
66111: 3 22037 
66112: 2 2 2 2 2 2 1033 
66097: 157 421 
66098: 2 33049 
66113: 17 3889 
66100: 2 2 5 5 661 
66101: 7 7 19 71 
66116: 2 2 16529 
66102: 2 3 23 479 
65774: 2 32887 
66119: 37 1787 
66105: 3 3 5 13 113 
66106: 2 33053 
66107: 66107 
66122: 2 7 4723 
66110: 2 5 11 601 
66127: 89 743 
66112: 2 2 2 2 2 2 1033 
66126: 2 3 103 107 
66103: 66103 
66113: 17 3889 
66114: 2 3 3 3673 
66130: 2 5 17 389 
66116: 2 2 16529 
66117: 3 22039 
66120: 2 2 2 3 5 19 29 
66134: 2 43 769 
65804: 2 2 16451 
66121: 11 6011 
66118: 2 13 2543 
66138: 2 3 73 151 
66124: 2 2 61 271 
66143: 7 11 859 
66125: 5 5 5 23 23 
66142: 2 33071 
66128: 2 2 2 2 4133 
66131: 13 5087 
66129: 3 7 47 67 
66146: 2 33073 
66132: 2 2 3 3 11 167 
66135: 3 5 4409 
66152: 2 2 2 8269 
66150: 2 3 3 3 5 5 7 7 
66136: 2 2 2 7 1181 
66155: 5 101 131 
66137: 66137 
66154: 2 11 31 97 
66140: 2 2 5 3307 
66159: 3 3 7351 
66141: 3 3 7349 
66158: 2 19 1741 
66144: 2 2 2 2 2 3 13 53 
66139: 19 59 59 
66164: 2 2 7 17 139 
66162: 2 3 11027 
66147: 3 17 1297 
66149: 29 2281 
66152: 2 2 2 8269 
66169: 66169 
66151: 83 797 
66155: 5 101 131 
66166: 2 33083 
66154: 2 11 31 97 
66172: 2 2 71 233 
66159: 3 3 7351 
66173: 66173 
66158: 2 19 1741 
66160: 2 2 2 2 5 827 
66153: 3 22051 
66177: 3 3 3 3 19 43 
66162: 2 3 11027 
66163: 109 607 
66167: 127 521 
66181: 17 17 229 
66169: 66169 
66184: 2 2 2 8273 
66171: 3 7 23 137 
66188: 2 2 16547 
66170: 2 5 13 509 
66190: 2 5 6619 
66185: 5 7 31 61 
66173: 66173 
66175: 5 5 2647 
66178: 2 7 29 163 
66195: 3 3 5 1471 
66177: 3 3 3 3 19 43 
66179: 66179 
66182: 2 33091 
66192: 2 2 2 2 3 7 197 
66181: 17 17 229 
66183: 3 13 1697 
66186: 2 3 3 3677 
66203: 239 277 
66188: 2 2 16547 
66187: 11 11 547 
66200: 2 2 2 5 5 331 
66185: 5 7 31 61 
66206: 2 7 4729 
66193: 37 1789 
66207: 3 29 761 
66195: 3 3 5 1471 
66212: 2 2 16553 
66191: 66191 
66211: 73 907 
66192: 2 2 2 2 3 7 197 
66197: 53 1249 
66215: 5 17 19 41 
66196: 2 2 13 19 67 
66203: 239 277 
66202: 2 79 419 
66218: 2 113 293 
66200: 2 2 2 5 5 331 
66204: 2 2 3 3 3 613 
66206: 2 7 4729 
66222: 2 3 3 13 283 
66207: 3 29 761 
66209: 11 13 463 
66212: 2 2 16553 
66226: 2 33113 
66211: 73 907 
66213: 3 3 7 1051 
66224: 2 2 2 2 4139 
66230: 2 5 37 179 
66214: 2 33107 
66216: 2 2 2 3 31 89 
66220: 2 2 5 7 11 43 
66234: 2 3 7 19 83 
66219: 3 22073 
66221: 66221 
66217: 23 2879 
66238: 2 33119 
66223: 47 1409 
66227: 7 9461 
66225: 3 5 5 883 
66245: 5 13249 
66228: 2 2 3 5519 
66247: 31 2137 
66229: 103 643 
66242: 2 11 3011 
66232: 2 2 2 17 487 
66235: 5 13 1019 
66252: 2 2 3 5521 
66250: 2 5 5 5 5 53 
66236: 2 2 29 571 
66255: 3 5 7 631 
66237: 3 22079 
66254: 2 157 211 
66240: 2 2 2 2 2 2 3 3 5 23 
66243: 3 71 311 
66241: 7 9463 
66258: 2 3 3 3 3 409 
66244: 2 2 16561 
66247: 31 2137 
66246: 2 3 61 181 
66265: 5 29 457 
66248: 2 2 2 7 7 13 13 
66224: 2 2 2 2 4139 
66252: 2 2 3 5521 
66262: 2 7 4733 
66251: 97 683 
66255: 3 5 7 631 
66249: 3 3 17 433 
66273: 3 22091 
66256: 2 2 2 2 41 101 
66253: 11 19 317 
66260: 2 2 5 3313 
66270: 2 3 5 47 47 
66259: 173 383 
66263: 23 43 67 
66257: 59 1123 
66278: 2 31 1069 
66264: 2 2 2 3 11 251 
66261: 3 13 1699 
66284: 2 2 73 227 
66282: 2 3 11047 
66267: 3 3 37 199 
66287: 13 5099 
66269: 7 9467 
66289: 151 439 
66272: 2 2 2 2 2 19 109 
66268: 2 2 16567 
66292: 2 2 16573 
66286: 2 11 23 131 
66275: 5 5 11 241 
66295: 5 13259 
66274: 2 13 2549 
66294: 2 3 3 29 127 
66296: 2 2 2 8287 
66299: 167 397 
66284: 2 2 73 227 
66301: 66301 
66283: 7 17 557 
66303: 3 3 53 139 
66298: 2 33149 
66289: 151 439 
66288: 2 2 2 2 3 1381 
66285: 3 3 3 5 491 
66305: 5 89 149 
66286: 2 11 23 131 
66291: 3 19 1163 
66295: 5 13259 
66312: 2 2 2 3 3 3 307 
66294: 2 3 3 29 127 
66296: 2 2 2 8287 
66299: 167 397 
66308: 2 2 11 11 137 
66301: 66301 
66318: 2 3 7 1579 
66303: 3 3 53 139 
66298: 2 33149 
66320: 2 2 2 2 5 829 
66306: 2 3 43 257 
66293: 66293 
66323: 29 2287 
66307: 61 1087 
66326: 2 13 2551 
66309: 3 23 31 31 
66312: 2 2 2 3 3 3 307 
66327: 3 22109 
66314: 2 71 467 
66315: 3 5 4421 
66308: 2 2 11 11 137 
66316: 2 2 59 281 
66318: 2 3 7 1579 
66335: 5 13267 
66317: 17 47 83 
66320: 2 2 2 2 5 829 
66322: 2 33161 
66333: 3 22111 
66323: 29 2287 
66341: 11 37 163 
66326: 2 13 2551 
66324: 2 2 3 5527 
66344: 2 2 2 8293 
66327: 3 22109 
66346: 2 7 7 677 
66331: 113 587 
66332: 2 2 7 23 103 
66316: 2 2 59 281 
66302: 2 33151 
66335: 5 13267 
66334: 2 17 1951 
66352: 2 2 2 2 11 13 29 
66338: 2 41 809 
66355: 5 23 577 
66336: 2 2 2 2 2 3 691 
66341: 11 37 163 
66339: 3 3 3 3 3 3 7 13 
66340: 2 2 5 31 107 
66344: 2 2 2 8293 
66361: 66361 
66346: 2 7 7 677 
66359: 66359 
66348: 2 2 3 3 19 97 
66349: 43 1543 
66363: 3 11 2011 
66347: 66347 
66350: 2 5 5 1327 
66352: 2 2 2 2 11 13 29 
66367: 7 19 499 
66355: 5 23 577 
66353: 7 9479 
66357: 3 3 73 101 
66371: 31 2141 
66358: 2 33179 
66360: 2 2 2 3 5 7 79 
66361: 66361 
66375: 3 3 5 5 5 59 
66359: 66359 
66362: 2 33181 
66365: 5 13 1021 
66378: 2 3 13 23 37 
66366: 2 3 3 3 1229 
66382: 2 33191 
66369: 3 22123 
66367: 7 19 499 
66386: 2 19 1747 
66372: 2 2 3 5531 
66373: 66373 
66371: 31 2141 
66351: 3 17 1301 
66376: 2 2 2 8297 
66364: 2 2 47 353 
66387: 3 22129 
66377: 66377 
66380: 2 2 5 3319 
66396: 2 2 3 11 503 
66378: 2 3 13 23 37 
66397: 67 991 
66382: 2 33191 
66383: 66383 
66400: 2 2 2 2 2 5 5 83 
66386: 2 19 1747 
66385: 5 11 17 71 
66389: 197 337 
66403: 66403 
66351: 3 17 1301 
66391: 13 5107 
66393: 3 3 3 2459 
66410: 2 5 29 229 
66394: 2 89 373 
66388: 2 2 7 2371 
66407: 11 6037 
66395: 5 7 7 271 
66397: 67 991 
66415: 5 37 359 
66414: 2 3 11069 
66400: 2 2 2 2 2 5 5 83 
66399: 3 22133 
66417: 3 13 13 131 
66392: 2 2 2 43 193 
66403: 66403 
66405: 3 5 19 233 
66421: 127 523 
66406: 2 33203 
66410: 2 5 29 229 
66409: 7 53 179 
66425: 5 5 2657 
66407: 11 6037 
66411: 3 3 47 157 
66413: 66413 
66429: 3 3 11 11 61 
66414: 2 3 11069 
66416: 2 2 2 2 7 593 
66418: 2 11 3019 
66433: 31 2143 
66419: 17 3907 
66422: 2 33211 
66420: 2 2 3 3 3 3 5 41 
66437: 7 9491 
66423: 3 7 3163 
66426: 2 3 11071 
66424: 2 2 2 19 19 23 
66441: 3 22147 
66427: 181 367 
66430: 2 5 7 13 73 
66428: 2 2 16607 
66445: 5 97 137 
66431: 66431 
66434: 2 59 563 
66432: 2 2 2 2 2 2 2 3 173 
66449: 66449 
66435: 3 5 43 103 
66454: 2 149 223 
66436: 2 2 17 977 
66453: 3 17 1303 
66439: 29 29 79 
66442: 2 139 239 
66440: 2 2 2 5 11 151 
66457: 66457 
66443: 13 19 269 
66446: 2 33223 
66444: 2 2 3 7 7 113 
66464: 2 2 2 2 2 31 67 
66447: 3 3 3 23 107 
66466: 2 167 199 
66448: 2 2 2 2 4153 
66468: 2 2 3 29 191 
66451: 7 11 863 
66454: 2 149 223 
66452: 2 2 37 449 
66472: 2 2 2 7 1187 
66455: 5 13291 
66458: 2 7 47 101 
66461: 41 1621 
66457: 66457 
66459: 3 22153 
66473: 11 6043 
66476: 2 2 16619 
66464: 2 2 2 2 2 31 67 
66463: 66463 
66466: 2 167 199 
66480: 2 2 2 2 3 5 277 
66468: 2 2 3 29 191 
66467: 66467 
66470: 2 5 17 17 23 
66484: 2 2 11 1511 
66472: 2 2 2 7 1187 
66489: 3 37 599 
66474: 2 3 3 3 1231 
66488: 2 2 2 8311 
66475: 5 5 2659 
66477: 3 22159 
66473: 11 6043 
66492: 2 2 3 3 1847 
66478: 2 43 773 
66402: 2 3 3 7 17 31 
66482: 2 13 2557 
66496: 2 2 2 2 2 2 1039 
66481: 19 3499 
66483: 3 3 83 89 
66500: 2 2 5 5 5 7 19 
66484: 2 2 11 1511 
66485: 5 13297 
66489: 3 37 599 
66503: 73 911 
66488: 2 2 2 8311 
66508: 2 2 13 1279 
66493: 7 7 23 59 
66507: 3 7 3167 
66492: 2 2 3 3 1847 
66494: 2 33247 
66497: 29 2293 
66511: 227 293 
66496: 2 2 2 2 2 2 1039 
66498: 2 3 11083 
66501: 3 3 3 3 821 
66515: 5 53 251 
66499: 66499 
66502: 2 41 811 
66491: 66491 
66519: 3 3 19 389 
66505: 5 47 283 
66508: 2 2 13 1279 
66506: 2 11 3023 
66526: 2 29 31 37 
66509: 66509 
66520: 2 2 2 5 1663 
66523: 66523 
66511: 227 293 
66512: 2 2 2 2 4157 
66513: 3 22171 
66530: 2 5 6653 
66515: 5 53 251 
66516: 2 2 3 23 241 
66534: 2 3 13 853 
66514: 2 7 4751 
66519: 3 3 19 389 
66521: 7 13 17 43 
66540: 2 2 3 5 1109 
66522: 2 3 11087 
66526: 2 29 31 37 
66537: 3 3 7393 
66528: 2 2 2 2 2 3 3 3 7 11 
66523: 66523 
66527: 71 937 
66544: 2 2 2 2 4159 
66518: 2 79 421 
66530: 2 5 6653 
66531: 3 67 331 
66551: 61 1091 
66548: 2 2 127 131 
66533: 66533 
66538: 2 17 19 103 
66532: 2 2 16633 
66556: 2 2 7 2377 
66553: 66553 
66542: 2 7 7 7 97 
66537: 3 3 7393 
66541: 66541 
66543: 3 41 541 
66546: 2 3 3 3697 
66544: 2 2 2 2 4159 
66545: 5 13309 
66547: 13 5119 
66550: 2 5 5 11 11 11 
66551: 61 1091 
66548: 2 2 127 131 
66552: 2 2 2 3 47 59 
66554: 2 107 311 
66555: 3 3 3 5 17 29 
66556: 2 2 7 2377 
66553: 66553 
66557: 19 31 113 
66559: 101 659 
66558: 2 3 11093 
66536: 2 2 2 8317 
66549: 3 7 3169 
Factored 1024 / 1024 numbers.
